0.0919312986412  0.316185750423
0.0826741382247  0.341375467963

0.0788421896527  0.344301136044
0.0764389602817  0.362955249466

0.075127645073  0.361861138056
0.0741823041579  0.380283296003

0.073947506484  0.374972915463
0.073627687234  0.387923654102

0.0737884242461  0.379701426654
0.0736092500156  0.393442245407

0.0736488687755  0.384701099549
0.0732749510673  0.407217512164

0.0730065907505  0.395541853066
0.0722732122871  0.426328667113

0.0714472023895  0.421728516084
0.0702280782978  0.451042884423

0.0692349505189  0.456156571075
0.0681115898187  0.47660998759

0.0674054549687  0.481268167826
0.0666623251047  0.48766385224

0.0662905573689  0.488432478733
0.0657049230998  0.499496630219

0.0652828613908  0.506347176376
0.0646465511527  0.523755362234

0.0643286268116  0.526103593696
0.0638005192275  0.544689435531

0.0636722730093  0.542640911372
0.0632831739262  0.564407971181

0.0632731768566  0.556592880709
0.0629651363706  0.579157666323

0.0630159436295  0.568665352108
0.0627267189033  0.589492908793

0.0628137856815  0.578507071595
0.0625345720735  0.596925046597

0.0626279611458  0.586364262653
0.0623465512414  0.603688331401

0.0624426143374  0.593176152032
0.0621568206057  0.608900885452

0.0622573362007  0.598991621929
0.0619735337503  0.614425366289

0.062074258196  0.603042766324
0.0617843816406  0.618489592022

0.0618899068455  0.606520981555
0.0616131783056  0.622132901813

0.0617244160114  0.609658396402
0.0614616746956  0.625259200278

0.0615805788631  0.611970798866
0.0613340256619  0.627193874539

0.0614569996028  0.614645720861
0.0612172245514  0.629255579982

0.0613433932213  0.616509148733
0.0611183023022  0.631229502763

0.0612449047416  0.618783295273
0.0610265035473  0.633200308202

0.0611561036168  0.62049793855
0.0609555264644  0.634907546203

0.0610786637144  0.62255723821
0.060889367765  0.63603795097

0.061009161686  0.623830878592
0.060829993448  0.636668284874

0.0609492493374  0.624860179318
0.0607834739028  0.638330997534

0.0608958504297  0.625279534761
0.0607399687171  0.639367390508

0.0608502377708  0.625317439044
0.060709026258  0.639657813175

0.0608088199458  0.624984093455
0.0606763433083  0.640756708763

0.0607693920175  0.624926671885
0.0606491189043  0.640858947151

0.0607301357321  0.624367305287
0.0606206024473  0.641400421546

0.0606902093403  0.623866621496
0.060593951866  0.642164212861

0.0606497895414  0.62367773189
0.0605652676779  0.642060121229

0.0606049275929  0.622789543454
0.0605314343469  0.641754325639

0.0605574349581  0.622462072144
0.0604945553059  0.641603330331

