0.0853758825105  0.498665882553
2.91453122595  0.499691947285

0.0725255050253  0.610361133641
2.54294009295  0.56506510332

0.0674919401742  0.693573376092
2.38529734738  0.607101626527

0.065700220986  0.735361325979
2.33499030033  0.635966361311

0.0647053453787  0.764481266378
2.30763745111  0.65411070087

0.0645605984308  0.770877014269
2.29919149196  0.661765008423

0.0647675790405  0.774930158544
2.2996059801  0.663431084159

0.065020964409  0.774092944856
2.30097692707  0.659695952434

0.0659989884034  0.718588450227
2.32267631533  0.658075983305

0.0672629468282  0.666827131791
2.38044772423  0.640964240149

0.0675554889005  0.664608229817
2.39562457572  0.626391561526

0.067579603183  0.664776368992
2.4107777322  0.514406842768

0.0677670874149  0.664259869775
2.41165337739  0.625312713977

0.0680871188834  0.664166338024
2.44197724258  0.571217118494

0.0685199946815  0.660903471927
2.4627521905  0.631184458164

