0.0927633753069  0.472005301862
2.70679737761  0.498470314755

0.0770210075154  0.551167296603
2.39010554983  0.522711901509

0.0704571791409  0.598087231663
2.20430342747  0.564008358862

0.067146620794  0.650103503988
2.1254048016  0.577434329739

0.0663498923632  0.691721796445
2.10059375537  0.582915491349

0.0661288012698  0.702433451895
2.09105853893  0.60409083687

0.0654675554123  0.729980016985
2.07158980228  0.622974700036

0.0650058712408  0.75087648783
2.0576049512  0.626005144143

0.0647864238221  0.759798518905
2.0535848684  0.626045972479

0.064712908241  0.759229495903
2.05326914695  0.586013415698

0.0650693336353  0.717169826943
2.06496863771  0.609256809584

0.0658895309741  0.688593296425
2.08010204637  0.627369638683

0.0663960035235  0.679577773228
2.10829029486  0.596953918545

0.0668244227302  0.67786926016
2.11600857615  0.637113016061

0.0674163660131  0.672539414441
2.13999587899  0.664692164596

0.0676271121631  0.683828891673
2.13236152646  0.6617493716

