0.0715387392116  0.625964891051
1.74122846436  0.630897006117

0.0691755769311  0.601256375651
1.71345650328  0.506198418092

0.0701444215679  0.537224144499
1.73862622048  0.483334395692

0.0706835003202  0.52616855846
1.75109089795  0.479303326483

0.0707048249766  0.544002527054
1.74870017735  0.542757500562

0.0702738035256  0.560714029937
1.72718818513  0.537510836898

0.0700845256675  0.557742915218
1.72051340756  0.539542240115

0.069937735912  0.560541915437
1.71813005304  0.54003132703

0.0697725510485  0.563401566485
1.71504805155  0.540781665855

0.069607838302  0.566900216085
1.71138588354  0.543657306738

0.0694415135263  0.572699728044
1.70768462362  0.548276290832

0.0692795372011  0.583184381388
1.70401707901  0.557694849418

