0.0767812  0.396083945799
0.0804924  0.474211720797

0.068847  0.533002625673
0.0773042  0.624869070787

0.064771  0.651363866945
0.0758286  0.675746056507

0.0633906  0.684090301618
0.0753584  0.678678520329

0.0627747  0.68998561867
0.0749585  0.677098655856

0.0622857  0.687432213464
0.0745525  0.671031621217

0.0619275  0.674940955786
0.0742992  0.670070662954

0.0617691  0.654206376609
0.0743656  0.667319268056

0.0617533  0.635262998162
0.0744498  0.663030198583

0.0617902  0.618448613341
0.0746489  0.656950752639

0.0618389  0.603701718831
0.0748232  0.648728539538

