0.105321023363  0.380814523805
0.344530037821  0.405465577886

0.10350387791  0.41031133655
0.342253793406  0.430461101803

0.102197459035  0.431989159767
0.338154497387  0.451317485592

0.10035443031  0.453428629115
0.332655315375  0.468710219306

0.0978946176467  0.467946136663
0.32506132687  0.481663883688

0.09547345346  0.480611187885
0.317937790738  0.497119733684

0.0948085319619  0.490385644551
0.316302718091  0.512580620589

0.0939740836532  0.501179595647
0.312451699667  0.529452983356

0.0922031520241  0.515797779371
0.305869829472  0.554824975542

0.0902478255912  0.533870132396
0.299767141904  0.579713218439

0.0886452671913  0.564258690395
0.29526625494  0.592415816646

0.0877207960945  0.587817455253
0.293332701947  0.60488458119

0.0897416378153  0.570492286409
0.29788258079  0.62040971427

0.0922070079825  0.560096978582
0.301166875229  0.630439749218

0.0928307918425  0.560679930167
0.300168334009  0.6434842576

0.0929280474865  0.562004784617
0.298486201854  0.660345294124

0.0926192499685  0.561719252426
0.300190994645  0.656486469081

0.0933537361244  0.558713956034
0.304335200808  0.638217858057

0.0945719885095  0.563523322914
0.308257968593  0.638480761756

0.0952117375461  0.55859672196
0.315231002797  0.677442214989

0.0966777680795  0.549709378741
0.300200994964  0.502054678547

0.0966875420786  0.56407179711
0.337516646  0.641510259214

0.0992400831664  0.562125459877
0.287753033786  0.626582253647

0.102429760823  0.549306697165
0.311261585744  0.611260088949

0.104623454076  0.537495369591
0.368260329285  0.691104873937

0.105173106961  0.539020232859
0.338365859756  0.625385640255

0.10577861428  0.538893581123
0.338040985975  0.683350379559

0.106939945332  0.539860882772
0.329304814526  0.550435182182

0.107354634285  0.539940317885
0.366531252697  0.594264608461

0.108338108198  0.536786324263
0.330952155984  0.637132659515

0.108090121029  0.540623886066
0.329083409184  0.581838727353

0.10930671228  0.538476390661
0.384995203102  0.648108085022

0.11015525617  0.543110951313
0.370904008723  0.469191443493

0.111552366221  0.538203970462
0.399447397967  0.497653064694

0.112379754301  0.535949347538
0.342106340875  0.504979547398

0.113315542768  0.532144587863
0.355386483091  0.531238202767

0.114478551411  0.519742412927
0.364342608237  0.546461875312

0.114455266929  0.524482167092
0.372912278598  0.607439435901

0.115889151665  0.530590651087
0.439507810879  0.48566828763

0.117259288372  0.527297329183
0.378825614756  0.483085348841

0.1185979988  0.512641267849
0.39482318938  0.687876442989

0.116832529728  0.530152622972
0.455805849776  0.673034060543

0.118456416259  0.51369428337
0.409224690623  0.559951073919

0.120779787715  0.516843665933
0.372110237818  0.536950999468

0.121781417562  0.510041087081
0.326518061834  0.513870336521

0.121251005452  0.512008990045
0.388300395823  0.659283427375

0.120124504014  0.516225343443
0.364296256207  0.561451235072

0.123897895668  0.527290882553
0.452254468282  0.520074688396

0.123426546649  0.514591964724
0.373481824608  0.618749693196

0.1252977305  0.524288697236
0.393008406104  0.689223631269

0.125007764212  0.52699480208
0.470528851539  0.580826331917

0.128118422861  0.514233599087
0.365711473842  0.625992653838

