0.107920665972  0.362033373817
0.345509355618  0.380458016548

0.104114162851  0.380606503485
0.344772628655  0.382523114349

0.104066405478  0.384113004447
0.344649256412  0.385569476852

0.104010328854  0.387391005242
0.344499250827  0.388249829276

0.10394287756  0.389723407643
0.344315745721  0.39043701025

0.103860082176  0.392800923145
0.344087403279  0.393415464746

0.103768629576  0.394896506984
0.343833019231  0.395120513016

0.10366906002  0.397439075158
0.343554331505  0.397707791478

0.103559244439  0.399105049817
0.343248010607  0.399454470635

0.10343916868  0.401540948911
0.342906806524  0.40183285614

0.103309646187  0.404013848347
0.342535877858  0.403984344203

0.10317024274  0.406400211082
0.342130358969  0.40568785611

0.103023886495  0.408212102442
0.341711264022  0.408500328156

0.102867767386  0.410811440682
0.341249957318  0.411179450548

0.102705929514  0.413038327306
0.34075840333  0.4138156353

0.102536810366  0.415627923383
0.340237123388  0.41607049828

0.102359700112  0.417815770687
0.339699805989  0.418745846361

0.102176562615  0.420642125916
0.339141630234  0.421466015029

0.101995236016  0.42306299843
0.338587367169  0.424304374305

0.101806943188  0.424941179022
0.338011472574  0.426333357827

0.101614802955  0.427015659707
0.33742069159  0.428823758355

0.101422862212  0.428685302406
0.336847922595  0.430181605638

