0.0806725186409  0.721336476306
2.29992023268  0.674460571773

0.0795673459144  0.74278981722
2.28890397527  0.636868647428

0.0815936003218  0.654164676138
2.34551457522  0.563698247406

0.0825817760822  0.61360151653
2.36721586903  0.552025770383

0.0832970875392  0.603199301099
2.38585947587  0.55911526766

0.0837101659258  0.624636066475
2.39376262263  0.601217533998

0.083871412225  0.675817327461
2.39556565465  0.679694299327

0.0838867296313  0.743789052926
2.395832351  0.715707878271

0.0838387762305  0.79686724005
2.39475789797  0.728377945582

0.083770345549  0.820265342378
2.39214965698  0.733656811436

0.0836924063606  0.830260217474
2.38958964045  0.734584705725

