0.0728843749967  0.661558607994
2.57007938494  0.695701552987

0.0729615584467  0.661155593178
2.57511575196  0.702351382301

0.0731376947192  0.65847702791
2.57355034597  0.701164721688

0.0732059006761  0.663646884027
2.57611024227  0.71391742325

0.0733957464224  0.679952155853
2.56502954611  0.715368566964

0.073595031536  0.675755098288
2.61618564855  0.707158229489

0.0738354313106  0.672360148151
2.59545068615  0.706468138351

0.0740693863172  0.669114664008
2.627252796  0.682225943183

0.0742972710113  0.666015272419
2.64961309558  0.691846787445

0.0745749144204  0.664177435737
2.64868974776  0.695875663896

0.0748146724794  0.660519170661
2.63721582362  0.694177234978

0.0750517861138  0.658816398215
2.63740044533  0.697189853217

0.0752496849745  0.65636062
2.6587624392  0.696743037457

0.0755765005937  0.65380609258
2.73307191933  0.715741731513

0.0758725766687  0.651303768327
2.74330928493  0.688398762154

