0.110629106279  0.325423852125
3.47841016011  0.322770383094

0.106119392636  0.340467085997
3.36952344451  0.33736371315

0.105832998179  0.349602261679
3.36215174048  0.352752361554

0.105223249214  0.360605949779
3.34706171879  0.369128550187

0.104131762987  0.37205287558
3.32183348501  0.381709006749

0.102624414975  0.382677110646
3.28966507322  0.393185638797

0.100997219784  0.391315690853
3.25799722708  0.400802333217

0.0994471170245  0.39761126551
3.22958486616  0.407179085346

0.0980431800625  0.402741088568
3.20542178971  0.411557819146

0.0967603343412  0.409566473892
3.18445976213  0.415167068372

0.0955586553181  0.422614149485
3.16599709937  0.420263582043

0.0943500859932  0.442715990303
3.14758703588  0.426659350559

0.092981192593  0.465190967767
3.12585111564  0.441780759124

0.0915308559435  0.491638783668
3.10136854304  0.454593697289

0.090187025105  0.50077135699
3.07846081729  0.455358418082

