0.0773317  0.375551856632
0.0774234  0.454807539789

0.0689191  0.513884556288
0.0745864  0.570284454046

0.0658209  0.594523572446
0.0737342  0.630852616172

0.0646009  0.640266544217
0.0733765  0.646247387258

0.0638937  0.643606730927
0.0724946  0.662344448716

0.0629293  0.624985721315
0.071677  0.650581328251

0.0623792  0.600340717075
0.071514  0.601481192316

0.0622408  0.577858910295
0.0715614  0.544760772633

0.0622328  0.565957997968
0.0717141  0.524947760463

0.0622448  0.559178040083
0.0718594  0.518902183888

