0.10632665855  0.399030543642
0.342129776887  0.435886852664

0.102555122673  0.433706133504
0.339899421839  0.440370503653

0.102357731439  0.437446971094
0.339309824162  0.442824585183

0.102150061834  0.440246195888
0.338682370612  0.445051355356

0.101934102797  0.443541686961
0.337992266828  0.447498524065

0.101728223957  0.44683846786
0.337395250832  0.45012455479

0.101521872494  0.450096552757
0.336764192794  0.452703567624

0.101314436694  0.452748612261
0.336127642437  0.455264000009

0.101106198314  0.455122064415
0.335487163116  0.457456576415

0.100895899177  0.458252477997
0.334836805614  0.459883342953

0.100685247129  0.4605336222
0.334164540196  0.461697895255

0.100468514101  0.463826607573
0.333467743693  0.46442684428

0.100243090546  0.466641357255
0.332763739469  0.4662995346

0.100016926863  0.469269426627
0.332054560336  0.468962413823

0.0997899666169  0.471795734789
0.331318137476  0.472089235626

0.0995510635099  0.474936106469
0.330582860541  0.473871785251

0.0993198418689  0.477631022571
0.329853704785  0.476596240327

0.0990842347523  0.48054849269
0.329121263557  0.478434199839

0.0988570162938  0.483305060762
0.328413459923  0.48082375665

0.0986293533101  0.485621651618
0.327703722419  0.483080110075

0.0984069782109  0.488333643768
0.327008535324  0.48512014048

0.0981847621424  0.491010011619
0.326316278381  0.487737169493

0.0979639017259  0.493267572899
0.325620938959  0.490009008421

0.0977483081758  0.495184440721
0.324937109947  0.492221810203

0.0975328739305  0.497757288955
0.324253911668  0.494019036406

0.0973137707208  0.499979388525
0.323563210912  0.496072685832

0.0970947222778  0.502330890898
0.322875401954  0.498073586022

0.0968755011379  0.504880922178
0.322176945671  0.499879285703

0.0966489202567  0.507514309147
0.321461782984  0.501991707626

