0.126242426501  0.36954176025
4.10569759702  0.406009453726

0.125979354797  0.369451346725
4.0978764576  0.405882312017

0.125734502486  0.369383856096
4.09032954624  0.405815530073

0.125490514732  0.36936936666
4.08280097171  0.405671427575

0.125248699109  0.369351921402
4.07533488436  0.405670362247

0.125009046772  0.36934018223
4.06793138975  0.405666557127

0.124771585809  0.369330480467
4.06059343931  0.405698283484

0.124536345203  0.369313183555
4.05331668818  0.40559766913

0.1243031693  0.369288548134
4.04610040181  0.405545196846

0.124072231221  0.369270184573
4.03894742698  0.40555516199

