0.0774395  0.36604821437
0.0820953  0.399871374148

0.0741689  0.412195623145
0.081059  0.474929364559

0.0711085  0.477119321905
0.0790631  0.472168754316

0.0674521  0.559379417544
0.0779568  0.490521634561

0.0654106  0.587870799917
0.0772273  0.488698729664

0.0644121  0.594962564534
0.076764  0.500942002399

0.0638518  0.595287483892
0.076332  0.508532442469

0.0634333  0.590743248847
0.0760622  0.513434931235

0.0630852  0.585324709748
0.0757678  0.513247033409

0.0628182  0.579392197506
0.0755061  0.512391078966

