0.164268669602  0.268559716353
4.50168012819  0.320190832876

0.112956142645  0.335671703616
3.14708227131  0.380007759386

0.0988049768146  0.399515955806
2.80324998174  0.431288656066

0.0935007363375  0.467367041592
2.67738532391  0.477398467932

0.0907802394264  0.515713957464
2.60309888646  0.510878130178

0.0892152228207  0.556103945507
2.54950179107  0.542517584696

0.0883929853041  0.590914853328
2.51388743235  0.570993009634

0.0879444268144  0.617794864329
2.49145346116  0.587137851574

0.0876405840599  0.637432790329
2.47817207295  0.59849238594

0.087325645181  0.652908611541
2.466541854  0.606041376038

0.0869619874554  0.66497806166
2.45555761801  0.610587424975

0.0865647770471  0.674284381322
2.44457192633  0.61318588559

0.0861529117321  0.680822126133
2.43368271841  0.613824739165

0.0857389018863  0.685095703476
2.42299226381  0.614483869235

