0.0738713367722  0.584081262338
1.78208836513  0.576142823568

0.0695482145277  0.589274615794
1.71733412483  0.506921982315

0.0700684280275  0.560434941939
1.73372842144  0.514562662406

0.0700794654182  0.571668089993
1.728983391  0.543283331025

0.0698905746869  0.571051394831
1.71733745828  0.545610999494

0.0698345311564  0.567992190596
1.71540395441  0.543818120377

0.0697075679383  0.566796308203
1.71183861683  0.544631153628

0.0695632599092  0.571071753594
1.70826371119  0.548617330197

0.0694180541178  0.579177698734
1.70511003051  0.554662234186

0.0692763134188  0.594390035197
1.70247673495  0.568612762618

0.0691378914023  0.626070406873
1.70007974294  0.597985907305

0.0690018383489  0.667954192191
1.69784575017  0.647369649026

0.0688643514364  0.705750507331
1.69604524863  0.689316743338

0.0687337817499  0.735738112374
1.69419446135  0.715523756856

0.0686155054518  0.758658329784
1.69248505739  0.731064163609

0.0685044117973  0.77418137579
1.69078314061  0.741109823701

0.0684016652215  0.784277148457
1.6889130481  0.745209098505

0.0683055126348  0.790983641978
1.6871110836  0.746733928787

0.0682212622924  0.79523419222
1.68536883214  0.747490752975

0.068148824473  0.797827561837
1.68378159933  0.747725887654

