0.149123035488  0.31082594123
4.65851796839  0.313416911713

0.144785498168  0.311692080403
4.53392866751  0.313899270485

0.140818200938  0.312548493492
4.41906577462  0.314343415661

0.137158432307  0.313328452541
4.3125956202  0.314819037314

0.133793040722  0.314062681447
4.21419769789  0.315260742459

0.130704176479  0.31470077659
4.12367790266  0.315358613834

0.127873973037  0.315331215792
4.0406343231  0.315864919355

0.125288878112  0.315951738631
3.96453240688  0.316213045226

0.122936000372  0.316687243232
3.8949885791  0.316454958679

0.120793355387  0.31730342566
3.83150188534  0.316280758332

