0.10850669886  0.370914905306
3.42830289032  0.37300540806

0.101603004174  0.406548238028
3.27009679198  0.406096054296

0.0992475526858  0.44490754531
3.22467493372  0.434899811107

0.0970981154872  0.475380489066
3.1851665023  0.452504349618

0.0955772464782  0.492068684315
3.16134984169  0.455210968787

0.094915016825  0.490435546615
3.15801289432  0.450132957417

0.0943249399356  0.482772656136
3.15126118965  0.444391269563

0.0929684776965  0.474171495132
3.11201052215  0.447736253752

0.0904931838995  0.471534281471
3.0383696777  0.459257109358

0.0873560065013  0.48119263426
2.95352463711  0.476611687562

