0.52231578244  0.770399503251
0.291520810779  0.68157639744

0.224248045219  0.779455695597
0.206144872261  0.669283753127

0.193069665482  0.782421823714
0.199098729366  0.67611282333

0.185381610593  0.768597785245
0.19814984242  0.673102509745

0.180280367202  0.687626266162
0.197797492356  0.609985704939

0.176036703284  0.632797921352
0.197864905396  0.572160573395

0.172371302741  0.621477212267
0.198073669104  0.548257603481

0.169147997811  0.620105184519
0.198391872714  0.531350184986

0.1662618735  0.623154337704
0.198660762026  0.522495710672

0.163635423694  0.627327487106
0.198875663383  0.516566163459

0.161222245731  0.631221128161
0.19900817913  0.506922330479

0.158992931887  0.634584922814
0.19906117341  0.501745089961

0.156913702212  0.637716663259
0.199044010602  0.496798808547

0.154968938525  0.641217154118
0.19885077544  0.493992865602

0.153150785294  0.643688050437
0.198845695658  0.490182339338

0.151447548339  0.645215198301
0.198975682794  0.487908749311

